     1 00000000                                 ; naskfunc
     2 00000000                                 ; TAB=4
     3 00000000                                 
     4 00000000                                 [FORMAT "WCOFF"]				; オブジェクトファイルを作るモード	
     5 00000000                                 [INSTRSET "i486p"]				; 486の命令まで使いたいという記述
     6 00000000                                 [BITS 32]						; 32ビットモード用の機械語を作らせる
     7 00000000                                 
     8 00000000                                 ; オブジェクトファイルのための情報
     9 00000000                                 
    10 00000000                                 [FILE "naskfunc.nas"]			; 文件名
    11 00000000                                 
    12 00000000                                 		GLOBAL	_io_hlt			; c?言中的函数名，在函数名前加上下??。
    13 00000000                                 		GLOBAL  _write_mem8
    14 00000000                                 
    15 00000000                                 ; 以下は実際の関数
    16 00000000                                 
    17                                          [SECTION .text]	
    18 00000000                                 
    19 00000000                                 _io_hlt:	; void io_hlt(void);
    20 00000000 F4                              		HLT
    21 00000001 C3                              		RET
    22 00000002                                 		
    23 00000002                                 		
    24 00000002                                 _write_mem8:		;write_mem8(int addr,int data)
    25 00000002 8B 4C 24 04                     	mov ecx,[esp + 4] ;第一个参数，即addr
    26 00000006 8A 44 24 08                     	mov al, [esp + 8] ;第二个参数，即data
    27 0000000A 88 01                           	mov [ecx],al    ;
    28 0000000C C3                              	RET